<?xml version="1.0" encoding="UTF-8"?>
<testng-results ignored="0" total="1" passed="1" failed="0" skipped="0">
  <reporter-output>
  </reporter-output>
  <suite started-at="2023-09-16T21:58:01 IST" name="Suite" finished-at="2023-09-16T21:58:12 IST" duration-ms="10975">
    <groups>
    </groups>
    <test started-at="2023-09-16T21:58:01 IST" name="Test" finished-at="2023-09-16T21:58:12 IST" duration-ms="10975">
      <class name="Flyaway.Project1.Flyaway">
        <test-method is-config="true" signature="Before()[pri:0, instance:Flyaway.Project1.Flyaway@6c284af]" started-at="2023-09-16T21:58:01 IST" name="Before" finished-at="2023-09-16T21:58:01 IST" duration-ms="14" status="PASS">
          <reporter-output>
          </reporter-output>
        </test-method> <!-- Before -->
        <test-method signature="Login()[pri:0, instance:Flyaway.Project1.Flyaway@6c284af]" started-at="2023-09-16T21:58:01 IST" name="Login" finished-at="2023-09-16T21:58:11 IST" duration-ms="10490" status="PASS">
          <reporter-output>
          </reporter-output>
        </test-method> <!-- Login -->
        <test-method is-config="true" signature="TestComplete()[pri:0, instance:Flyaway.Project1.Flyaway@6c284af]" started-at="2023-09-16T21:58:11 IST" name="TestComplete" finished-at="2023-09-16T21:58:12 IST" duration-ms="427" status="PASS">
          <reporter-output>
          </reporter-output>
        </test-method> <!-- TestComplete -->
      </class> <!-- Flyaway.Project1.Flyaway -->
    </test> <!-- Test -->
  </suite> <!-- Suite -->
</testng-results>
